mode: set
milestone3/be/internal/service/admin_service.go:19.53,21.2 1 1
milestone3/be/internal/service/admin_service.go:23.84,26.16 3 1
milestone3/be/internal/service/admin_service.go:26.16,29.3 2 1
milestone3/be/internal/service/admin_service.go:31.2,33.16 3 1
milestone3/be/internal/service/admin_service.go:33.16,36.3 2 1
milestone3/be/internal/service/admin_service.go:38.2,40.16 3 1
milestone3/be/internal/service/admin_service.go:40.16,43.3 2 0
milestone3/be/internal/service/admin_service.go:45.2,46.16 2 1
milestone3/be/internal/service/admin_service.go:46.16,49.3 2 0
milestone3/be/internal/service/admin_service.go:51.2,58.20 2 1
milestone3/be/internal/service/article_service.go:25.68,27.2 1 1
milestone3/be/internal/service/article_service.go:29.73,31.16 2 1
milestone3/be/internal/service/article_service.go:31.16,34.3 2 0
milestone3/be/internal/service/article_service.go:35.2,35.54 1 1
milestone3/be/internal/service/article_service.go:35.54,41.3 2 1
milestone3/be/internal/service/article_service.go:42.2,42.12 1 1
milestone3/be/internal/service/article_service.go:45.91,47.16 2 1
milestone3/be/internal/service/article_service.go:47.16,49.3 1 1
milestone3/be/internal/service/article_service.go:50.2,50.51 1 1
milestone3/be/internal/service/article_service.go:53.74,55.16 2 1
milestone3/be/internal/service/article_service.go:55.16,56.45 1 1
milestone3/be/internal/service/article_service.go:56.45,58.4 1 1
milestone3/be/internal/service/article_service.go:59.3,59.31 1 0
milestone3/be/internal/service/article_service.go:61.2,61.42 1 1
milestone3/be/internal/service/article_service.go:64.73,66.16 2 1
milestone3/be/internal/service/article_service.go:66.16,68.3 1 0
milestone3/be/internal/service/article_service.go:69.2,69.54 1 1
milestone3/be/internal/service/article_service.go:69.54,70.45 1 1
milestone3/be/internal/service/article_service.go:70.45,72.4 1 1
milestone3/be/internal/service/article_service.go:73.3,73.13 1 0
milestone3/be/internal/service/article_service.go:75.2,75.12 1 1
milestone3/be/internal/service/article_service.go:78.55,79.49 1 1
milestone3/be/internal/service/article_service.go:79.49,80.45 1 1
milestone3/be/internal/service/article_service.go:80.45,82.4 1 1
milestone3/be/internal/service/article_service.go:83.3,83.13 1 0
milestone3/be/internal/service/article_service.go:85.2,85.12 1 1
milestone3/be/internal/service/auction_item_service.go:23.136,25.2 1 1
milestone3/be/internal/service/auction_item_service.go:27.88,29.16 2 1
milestone3/be/internal/service/auction_item_service.go:29.16,31.3 1 0
milestone3/be/internal/service/auction_item_service.go:33.2,40.16 3 1
milestone3/be/internal/service/auction_item_service.go:40.16,44.32 2 1
milestone3/be/internal/service/auction_item_service.go:44.32,46.4 1 0
milestone3/be/internal/service/auction_item_service.go:46.9,49.4 1 1
milestone3/be/internal/service/auction_item_service.go:52.2,54.23 2 1
milestone3/be/internal/service/auction_item_service.go:54.23,56.3 1 0
milestone3/be/internal/service/auction_item_service.go:58.2,59.16 2 1
milestone3/be/internal/service/auction_item_service.go:59.16,62.3 2 1
milestone3/be/internal/service/auction_item_service.go:64.2,64.43 1 1
milestone3/be/internal/service/auction_item_service.go:67.63,68.2 1 1
milestone3/be/internal/service/auction_item_service.go:68.2,70.17 2 1
milestone3/be/internal/service/auction_item_service.go:70.17,73.4 2 1
milestone3/be/internal/service/auction_item_service.go:75.3,76.30 2 1
milestone3/be/internal/service/auction_item_service.go:76.30,78.4 1 1
milestone3/be/internal/service/auction_item_service.go:80.3,80.23 1 1
milestone3/be/internal/service/auction_item_service.go:84.70,86.16 2 1
milestone3/be/internal/service/auction_item_service.go:86.16,88.3 1 1
milestone3/be/internal/service/auction_item_service.go:89.2,89.44 1 1
milestone3/be/internal/service/auction_item_service.go:92.98,94.16 2 1
milestone3/be/internal/service/auction_item_service.go:94.16,97.3 2 1
milestone3/be/internal/service/auction_item_service.go:99.2,100.16 2 1
milestone3/be/internal/service/auction_item_service.go:100.16,102.3 1 0
milestone3/be/internal/service/auction_item_service.go:104.2,108.16 4 1
milestone3/be/internal/service/auction_item_service.go:108.16,111.3 2 0
milestone3/be/internal/service/auction_item_service.go:113.2,113.50 1 1
milestone3/be/internal/service/auction_item_service.go:116.47,118.16 2 1
milestone3/be/internal/service/auction_item_service.go:118.16,120.3 1 1
milestone3/be/internal/service/auction_item_service.go:122.2,123.16 2 1
milestone3/be/internal/service/auction_item_service.go:123.16,126.3 2 0
milestone3/be/internal/service/auction_item_service.go:127.2,127.12 1 1
milestone3/be/internal/service/auction_session_service.go:25.151,27.2 1 1
milestone3/be/internal/service/auction_session_service.go:29.90,30.51 1 1
milestone3/be/internal/service/auction_session_service.go:30.51,32.3 1 1
milestone3/be/internal/service/auction_session_service.go:34.2,41.16 3 1
milestone3/be/internal/service/auction_session_service.go:41.16,44.3 2 1
milestone3/be/internal/service/auction_session_service.go:46.2,47.65 2 1
milestone3/be/internal/service/auction_session_service.go:47.65,48.63 1 1
milestone3/be/internal/service/auction_session_service.go:48.63,50.4 1 0
milestone3/be/internal/service/auction_session_service.go:53.2,53.49 1 1
milestone3/be/internal/service/auction_session_service.go:56.75,58.16 2 1
milestone3/be/internal/service/auction_session_service.go:58.16,61.3 2 1
milestone3/be/internal/service/auction_session_service.go:63.2,63.50 1 1
milestone3/be/internal/service/auction_session_service.go:66.68,68.16 2 1
milestone3/be/internal/service/auction_session_service.go:68.16,71.3 2 1
milestone3/be/internal/service/auction_session_service.go:73.2,74.35 2 1
milestone3/be/internal/service/auction_session_service.go:74.35,76.3 1 1
milestone3/be/internal/service/auction_session_service.go:78.2,78.25 1 1
milestone3/be/internal/service/auction_session_service.go:81.100,83.16 2 1
milestone3/be/internal/service/auction_session_service.go:83.16,86.3 2 1
milestone3/be/internal/service/auction_session_service.go:88.2,89.65 2 1
milestone3/be/internal/service/auction_session_service.go:89.65,91.3 1 1
milestone3/be/internal/service/auction_session_service.go:92.2,92.33 1 1
milestone3/be/internal/service/auction_session_service.go:92.33,94.3 1 0
milestone3/be/internal/service/auction_session_service.go:96.2,96.18 1 1
milestone3/be/internal/service/auction_session_service.go:96.18,98.3 1 1
milestone3/be/internal/service/auction_session_service.go:99.2,99.27 1 1
milestone3/be/internal/service/auction_session_service.go:99.27,101.3 1 0
milestone3/be/internal/service/auction_session_service.go:102.2,102.25 1 1
milestone3/be/internal/service/auction_session_service.go:102.25,104.3 1 0
milestone3/be/internal/service/auction_session_service.go:106.2,106.47 1 1
milestone3/be/internal/service/auction_session_service.go:106.47,108.3 1 0
milestone3/be/internal/service/auction_session_service.go:111.2,112.16 2 1
milestone3/be/internal/service/auction_session_service.go:112.16,115.3 2 0
milestone3/be/internal/service/auction_session_service.go:118.2,118.65 1 1
milestone3/be/internal/service/auction_session_service.go:118.65,119.64 1 0
milestone3/be/internal/service/auction_session_service.go:119.64,121.4 1 0
milestone3/be/internal/service/auction_session_service.go:122.8,123.63 1 1
milestone3/be/internal/service/auction_session_service.go:123.63,125.4 1 0
milestone3/be/internal/service/auction_session_service.go:128.2,128.50 1 1
milestone3/be/internal/service/auction_session_service.go:131.49,133.16 2 1
milestone3/be/internal/service/auction_session_service.go:133.16,136.3 2 1
milestone3/be/internal/service/auction_session_service.go:138.2,140.65 2 1
milestone3/be/internal/service/auction_session_service.go:140.65,142.3 1 1
milestone3/be/internal/service/auction_session_service.go:144.2,144.33 1 1
milestone3/be/internal/service/auction_session_service.go:144.33,146.3 1 0
milestone3/be/internal/service/auction_session_service.go:148.2,149.16 2 1
milestone3/be/internal/service/auction_session_service.go:149.16,152.3 2 0
milestone3/be/internal/service/auction_session_service.go:154.2,154.62 1 1
milestone3/be/internal/service/auction_session_service.go:154.62,156.3 1 0
milestone3/be/internal/service/auction_session_service.go:158.2,158.12 1 1
milestone3/be/internal/service/bid_service.go:30.156,32.2 1 1
milestone3/be/internal/service/bid_service.go:34.112,35.17 1 1
milestone3/be/internal/service/bid_service.go:35.17,37.3 1 1
milestone3/be/internal/service/bid_service.go:39.2,40.16 2 1
milestone3/be/internal/service/bid_service.go:40.16,43.3 2 1
milestone3/be/internal/service/bid_service.go:45.2,47.30 2 1
milestone3/be/internal/service/bid_service.go:47.30,50.3 2 1
milestone3/be/internal/service/bid_service.go:52.2,53.46 2 1
milestone3/be/internal/service/bid_service.go:53.46,56.3 2 0
milestone3/be/internal/service/bid_service.go:58.2,58.23 1 1
milestone3/be/internal/service/bid_service.go:58.23,60.3 1 1
milestone3/be/internal/service/bid_service.go:62.2,63.16 2 1
milestone3/be/internal/service/bid_service.go:63.16,66.3 2 0
milestone3/be/internal/service/bid_service.go:68.2,76.12 2 1
milestone3/be/internal/service/bid_service.go:79.85,81.16 2 1
milestone3/be/internal/service/bid_service.go:81.16,83.3 1 1
milestone3/be/internal/service/bid_service.go:84.2,84.53 1 1
milestone3/be/internal/service/bid_service.go:87.68,89.16 2 1
milestone3/be/internal/service/bid_service.go:89.16,92.3 2 1
milestone3/be/internal/service/bid_service.go:94.2,94.33 1 1
milestone3/be/internal/service/bid_service.go:94.33,96.3 1 1
milestone3/be/internal/service/bid_service.go:98.2,106.16 3 1
milestone3/be/internal/service/bid_service.go:106.16,109.3 2 0
milestone3/be/internal/service/bid_service.go:111.2,118.12 2 1
milestone3/be/internal/service/bid_service.go:121.64,125.16 3 0
milestone3/be/internal/service/bid_service.go:125.16,127.3 1 0
milestone3/be/internal/service/bid_service.go:129.2,130.16 2 0
milestone3/be/internal/service/bid_service.go:130.16,132.3 1 0
milestone3/be/internal/service/bid_service.go:134.2,134.22 1 0
milestone3/be/internal/service/bid_service.go:137.65,139.16 2 0
milestone3/be/internal/service/bid_service.go:139.16,141.3 1 0
milestone3/be/internal/service/bid_service.go:143.2,143.27 1 0
milestone3/be/internal/service/bid_service.go:143.27,146.17 2 0
milestone3/be/internal/service/bid_service.go:146.17,147.12 1 0
milestone3/be/internal/service/bid_service.go:151.3,152.17 2 0
milestone3/be/internal/service/bid_service.go:152.17,153.12 1 0
milestone3/be/internal/service/bid_service.go:157.3,158.17 2 0
milestone3/be/internal/service/bid_service.go:158.17,159.12 1 0
milestone3/be/internal/service/bid_service.go:162.3,162.33 1 0
milestone3/be/internal/service/bid_service.go:162.33,163.12 1 0
milestone3/be/internal/service/bid_service.go:167.3,173.17 2 0
milestone3/be/internal/service/bid_service.go:173.17,174.12 1 0
milestone3/be/internal/service/bid_service.go:177.3,177.33 1 0
milestone3/be/internal/service/bid_service.go:180.2,180.12 1 0
milestone3/be/internal/service/donation_service.go:31.111,36.2 1 1
milestone3/be/internal/service/donation_service.go:38.77,40.16 2 1
milestone3/be/internal/service/donation_service.go:40.16,43.3 2 0
milestone3/be/internal/service/donation_service.go:44.2,44.56 1 1
milestone3/be/internal/service/donation_service.go:44.56,50.3 2 1
milestone3/be/internal/service/donation_service.go:51.2,51.12 1 1
milestone3/be/internal/service/donation_service.go:54.121,55.13 1 1
milestone3/be/internal/service/donation_service.go:55.13,57.17 2 1
milestone3/be/internal/service/donation_service.go:57.17,59.4 1 1
milestone3/be/internal/service/donation_service.go:60.3,60.54 1 1
milestone3/be/internal/service/donation_service.go:62.2,63.16 2 1
milestone3/be/internal/service/donation_service.go:63.16,65.3 1 0
milestone3/be/internal/service/donation_service.go:66.2,66.53 1 1
milestone3/be/internal/service/donation_service.go:69.77,71.16 2 1
milestone3/be/internal/service/donation_service.go:71.16,72.45 1 1
milestone3/be/internal/service/donation_service.go:72.45,74.4 1 1
milestone3/be/internal/service/donation_service.go:75.3,75.32 1 0
milestone3/be/internal/service/donation_service.go:77.2,77.44 1 1
milestone3/be/internal/service/donation_service.go:80.104,82.16 2 1
milestone3/be/internal/service/donation_service.go:82.16,84.3 1 0
milestone3/be/internal/service/donation_service.go:86.2,87.16 2 1
milestone3/be/internal/service/donation_service.go:87.16,88.45 1 0
milestone3/be/internal/service/donation_service.go:88.45,90.4 1 0
milestone3/be/internal/service/donation_service.go:91.3,91.13 1 0
milestone3/be/internal/service/donation_service.go:94.2,94.61 1 1
milestone3/be/internal/service/donation_service.go:94.61,96.3 1 1
milestone3/be/internal/service/donation_service.go:98.2,98.40 1 1
milestone3/be/internal/service/donation_service.go:101.84,103.16 2 1
milestone3/be/internal/service/donation_service.go:103.16,104.45 1 1
milestone3/be/internal/service/donation_service.go:104.45,106.4 1 1
milestone3/be/internal/service/donation_service.go:107.3,107.13 1 0
milestone3/be/internal/service/donation_service.go:110.2,110.61 1 1
milestone3/be/internal/service/donation_service.go:110.61,112.3 1 0
milestone3/be/internal/service/donation_service.go:114.2,114.34 1 1
milestone3/be/internal/service/donation_service.go:117.103,119.16 2 1
milestone3/be/internal/service/donation_service.go:119.16,121.3 1 0
milestone3/be/internal/service/donation_service.go:123.2,124.16 2 1
milestone3/be/internal/service/donation_service.go:124.16,125.45 1 0
milestone3/be/internal/service/donation_service.go:125.45,127.4 1 0
milestone3/be/internal/service/donation_service.go:128.3,128.13 1 0
milestone3/be/internal/service/donation_service.go:131.2,131.61 1 1
milestone3/be/internal/service/donation_service.go:131.61,133.3 1 0
milestone3/be/internal/service/donation_service.go:135.2,135.39 1 1
milestone3/be/internal/service/donation_service.go:138.92,139.13 1 1
milestone3/be/internal/service/donation_service.go:139.13,141.3 1 1
milestone3/be/internal/service/donation_service.go:142.2,142.26 1 1
milestone3/be/internal/service/donation_service.go:149.117,151.16 2 0
milestone3/be/internal/service/donation_service.go:151.16,153.3 1 0
milestone3/be/internal/service/donation_service.go:154.2,154.24 1 0
milestone3/be/internal/service/donation_service.go:157.103,159.16 2 0
milestone3/be/internal/service/donation_service.go:159.16,161.3 1 0
milestone3/be/internal/service/donation_service.go:162.2,162.17 1 0
milestone3/be/internal/service/final_donation_service.go:19.143,24.2 1 1
milestone3/be/internal/service/final_donation_service.go:26.109,28.2 1 1
milestone3/be/internal/service/final_donation_service.go:30.105,32.2 1 1
milestone3/be/internal/service/final_donation_service.go:34.94,37.16 2 0
milestone3/be/internal/service/final_donation_service.go:37.16,39.3 1 0
milestone3/be/internal/service/final_donation_service.go:42.2,42.31 1 0
milestone3/be/internal/service/final_donation_service.go:42.31,44.3 1 0
milestone3/be/internal/service/final_donation_service.go:47.2,47.57 1 0
milestone3/be/internal/service/final_donation_service.go:47.57,49.3 1 0
milestone3/be/internal/service/final_donation_service.go:51.2,51.59 1 0
milestone3/be/internal/service/payment_service.go:24.59,26.2 1 1
milestone3/be/internal/service/payment_service.go:28.130,44.70 6 1
milestone3/be/internal/service/payment_service.go:44.70,47.3 2 1
milestone3/be/internal/service/payment_service.go:48.2,48.18 1 1
milestone3/be/internal/service/payment_service.go:51.115,55.2 2 0
milestone3/be/internal/service/payment_service.go:57.88,59.16 2 1
milestone3/be/internal/service/payment_service.go:59.16,62.3 2 1
milestone3/be/internal/service/payment_service.go:64.2,74.17 2 1
milestone3/be/internal/service/payment_service.go:77.83,79.16 2 1
milestone3/be/internal/service/payment_service.go:79.16,82.3 2 1
milestone3/be/internal/service/payment_service.go:84.2,84.31 1 1
milestone3/be/internal/service/payment_service.go:84.31,94.3 1 1
milestone3/be/internal/service/payment_service.go:96.2,96.17 1 1
milestone3/be/internal/service/user_service.go:26.50,28.2 1 1
milestone3/be/internal/service/user_service.go:30.87,32.16 2 1
milestone3/be/internal/service/user_service.go:32.16,35.3 2 0
milestone3/be/internal/service/user_service.go:37.2,45.50 3 1
milestone3/be/internal/service/user_service.go:45.50,47.3 1 1
milestone3/be/internal/service/user_service.go:50.2,51.16 2 1
milestone3/be/internal/service/user_service.go:51.16,54.3 2 1
milestone3/be/internal/service/user_service.go:56.2,56.22 1 1
milestone3/be/internal/service/user_service.go:59.75,61.16 2 1
milestone3/be/internal/service/user_service.go:61.16,64.3 2 1
milestone3/be/internal/service/user_service.go:66.2,73.22 2 1
milestone3/be/internal/service/user_service.go:76.92,78.16 2 1
milestone3/be/internal/service/user_service.go:78.16,79.45 1 1
milestone3/be/internal/service/user_service.go:79.45,81.4 1 0
milestone3/be/internal/service/user_service.go:82.3,82.17 1 1
milestone3/be/internal/service/user_service.go:85.2,85.95 1 1
milestone3/be/internal/service/user_service.go:85.95,87.3 1 1
milestone3/be/internal/service/user_service.go:89.2,90.16 2 0
milestone3/be/internal/service/user_service.go:90.16,92.3 1 0
milestone3/be/internal/service/user_service.go:94.2,94.19 1 0
