mode: set
milestone3/be/internal/controller/admin_controller.go:20.59,22.2 1 0
milestone3/be/internal/controller/admin_controller.go:36.65,41.21 4 0
milestone3/be/internal/controller/admin_controller.go:41.21,43.3 1 0
milestone3/be/internal/controller/admin_controller.go:45.2,46.16 2 0
milestone3/be/internal/controller/admin_controller.go:46.16,48.3 1 0
milestone3/be/internal/controller/admin_controller.go:50.2,50.45 1 0
milestone3/be/internal/controller/article_controller.go:22.107,24.2 1 0
milestone3/be/internal/controller/article_controller.go:35.66,37.16 2 0
milestone3/be/internal/controller/article_controller.go:37.16,39.3 1 0
milestone3/be/internal/controller/article_controller.go:40.2,40.63 1 0
milestone3/be/internal/controller/article_controller.go:55.66,58.16 3 0
milestone3/be/internal/controller/article_controller.go:58.16,60.3 1 0
milestone3/be/internal/controller/article_controller.go:61.2,62.16 2 0
milestone3/be/internal/controller/article_controller.go:62.16,63.40 1 0
milestone3/be/internal/controller/article_controller.go:63.40,65.4 1 0
milestone3/be/internal/controller/article_controller.go:66.3,66.73 1 0
milestone3/be/internal/controller/article_controller.go:68.2,68.61 1 0
milestone3/be/internal/controller/article_controller.go:89.65,90.23 1 0
milestone3/be/internal/controller/article_controller.go:90.23,92.3 1 0
milestone3/be/internal/controller/article_controller.go:94.2,98.59 3 0
milestone3/be/internal/controller/article_controller.go:98.59,99.66 1 0
milestone3/be/internal/controller/article_controller.go:99.66,101.4 1 0
milestone3/be/internal/controller/article_controller.go:103.3,111.56 6 0
milestone3/be/internal/controller/article_controller.go:111.56,115.18 3 0
milestone3/be/internal/controller/article_controller.go:115.18,117.5 1 0
milestone3/be/internal/controller/article_controller.go:118.4,124.18 4 0
milestone3/be/internal/controller/article_controller.go:124.18,126.5 1 0
milestone3/be/internal/controller/article_controller.go:128.4,128.23 1 0
milestone3/be/internal/controller/article_controller.go:131.8,133.42 1 0
milestone3/be/internal/controller/article_controller.go:133.42,135.4 1 0
milestone3/be/internal/controller/article_controller.go:139.2,139.53 1 0
milestone3/be/internal/controller/article_controller.go:139.53,141.3 1 0
milestone3/be/internal/controller/article_controller.go:143.2,143.57 1 0
milestone3/be/internal/controller/article_controller.go:162.65,163.23 1 0
milestone3/be/internal/controller/article_controller.go:163.23,165.3 1 0
milestone3/be/internal/controller/article_controller.go:166.2,167.41 2 0
milestone3/be/internal/controller/article_controller.go:167.41,169.3 1 0
milestone3/be/internal/controller/article_controller.go:170.2,172.16 3 0
milestone3/be/internal/controller/article_controller.go:172.16,174.3 1 0
milestone3/be/internal/controller/article_controller.go:175.2,176.53 2 0
milestone3/be/internal/controller/article_controller.go:176.53,177.40 1 0
milestone3/be/internal/controller/article_controller.go:177.40,179.4 1 0
milestone3/be/internal/controller/article_controller.go:180.3,180.73 1 0
milestone3/be/internal/controller/article_controller.go:182.2,182.57 1 0
milestone3/be/internal/controller/article_controller.go:200.65,201.23 1 0
milestone3/be/internal/controller/article_controller.go:201.23,203.3 1 0
milestone3/be/internal/controller/article_controller.go:204.2,206.16 3 0
milestone3/be/internal/controller/article_controller.go:206.16,208.3 1 0
milestone3/be/internal/controller/article_controller.go:209.2,209.56 1 0
milestone3/be/internal/controller/article_controller.go:209.56,210.40 1 0
milestone3/be/internal/controller/article_controller.go:210.40,212.4 1 0
milestone3/be/internal/controller/article_controller.go:213.3,213.73 1 0
milestone3/be/internal/controller/article_controller.go:215.2,215.35 1 0
milestone3/be/internal/controller/auction_item_controller.go:19.106,21.2 1 0
milestone3/be/internal/controller/auction_item_controller.go:23.60,25.18 2 0
milestone3/be/internal/controller/auction_item_controller.go:25.18,27.3 1 0
milestone3/be/internal/controller/auction_item_controller.go:29.2,30.9 2 0
milestone3/be/internal/controller/auction_item_controller.go:30.9,32.3 1 0
milestone3/be/internal/controller/auction_item_controller.go:34.2,35.9 2 0
milestone3/be/internal/controller/auction_item_controller.go:35.9,37.3 1 0
milestone3/be/internal/controller/auction_item_controller.go:39.2,39.32 1 0
milestone3/be/internal/controller/auction_item_controller.go:43.48,45.18 2 0
milestone3/be/internal/controller/auction_item_controller.go:45.18,47.3 1 0
milestone3/be/internal/controller/auction_item_controller.go:49.2,50.9 2 0
milestone3/be/internal/controller/auction_item_controller.go:50.9,52.3 1 0
milestone3/be/internal/controller/auction_item_controller.go:54.2,55.30 2 0
milestone3/be/internal/controller/auction_item_controller.go:72.69,74.30 1 0
milestone3/be/internal/controller/auction_item_controller.go:74.30,76.3 1 0
milestone3/be/internal/controller/auction_item_controller.go:79.2,80.16 2 0
milestone3/be/internal/controller/auction_item_controller.go:80.16,82.3 1 0
milestone3/be/internal/controller/auction_item_controller.go:84.2,85.41 2 0
milestone3/be/internal/controller/auction_item_controller.go:85.41,87.3 1 0
milestone3/be/internal/controller/auction_item_controller.go:89.2,89.51 1 0
milestone3/be/internal/controller/auction_item_controller.go:89.51,91.3 1 0
milestone3/be/internal/controller/auction_item_controller.go:93.2,95.16 3 0
milestone3/be/internal/controller/auction_item_controller.go:95.16,97.3 1 0
milestone3/be/internal/controller/auction_item_controller.go:99.2,99.83 1 0
milestone3/be/internal/controller/auction_item_controller.go:111.70,113.16 2 0
milestone3/be/internal/controller/auction_item_controller.go:113.16,115.3 1 0
milestone3/be/internal/controller/auction_item_controller.go:116.2,116.80 1 0
milestone3/be/internal/controller/auction_item_controller.go:131.70,135.16 3 0
milestone3/be/internal/controller/auction_item_controller.go:135.16,137.3 1 0
milestone3/be/internal/controller/auction_item_controller.go:139.2,140.16 2 0
milestone3/be/internal/controller/auction_item_controller.go:140.16,141.14 1 0
milestone3/be/internal/controller/auction_item_controller.go:142.37,143.62 1 0
milestone3/be/internal/controller/auction_item_controller.go:144.11,145.81 1 0
milestone3/be/internal/controller/auction_item_controller.go:149.2,149.78 1 0
milestone3/be/internal/controller/auction_item_controller.go:168.69,170.30 1 0
milestone3/be/internal/controller/auction_item_controller.go:170.30,172.3 1 0
milestone3/be/internal/controller/auction_item_controller.go:174.2,176.16 3 0
milestone3/be/internal/controller/auction_item_controller.go:176.16,178.3 1 0
milestone3/be/internal/controller/auction_item_controller.go:180.2,181.40 2 0
milestone3/be/internal/controller/auction_item_controller.go:181.40,183.3 1 0
milestone3/be/internal/controller/auction_item_controller.go:185.2,185.50 1 0
milestone3/be/internal/controller/auction_item_controller.go:185.50,187.3 1 0
milestone3/be/internal/controller/auction_item_controller.go:189.2,190.16 2 0
milestone3/be/internal/controller/auction_item_controller.go:190.16,191.14 1 0
milestone3/be/internal/controller/auction_item_controller.go:192.37,193.62 1 0
milestone3/be/internal/controller/auction_item_controller.go:194.34,195.67 1 0
milestone3/be/internal/controller/auction_item_controller.go:196.11,197.79 1 0
milestone3/be/internal/controller/auction_item_controller.go:201.2,201.83 1 0
milestone3/be/internal/controller/auction_item_controller.go:219.69,221.30 1 0
milestone3/be/internal/controller/auction_item_controller.go:221.30,223.3 1 0
milestone3/be/internal/controller/auction_item_controller.go:225.2,227.16 3 0
milestone3/be/internal/controller/auction_item_controller.go:227.16,229.3 1 0
milestone3/be/internal/controller/auction_item_controller.go:231.2,232.16 2 0
milestone3/be/internal/controller/auction_item_controller.go:232.16,233.14 1 0
milestone3/be/internal/controller/auction_item_controller.go:234.37,235.62 1 0
milestone3/be/internal/controller/auction_item_controller.go:236.34,237.68 1 0
milestone3/be/internal/controller/auction_item_controller.go:238.11,239.79 1 0
milestone3/be/internal/controller/auction_item_controller.go:243.2,243.75 1 0
milestone3/be/internal/controller/auction_session_controller.go:19.123,21.2 1 0
milestone3/be/internal/controller/auction_session_controller.go:23.51,25.18 2 0
milestone3/be/internal/controller/auction_session_controller.go:25.18,27.3 1 0
milestone3/be/internal/controller/auction_session_controller.go:29.2,30.9 2 0
milestone3/be/internal/controller/auction_session_controller.go:30.9,32.3 1 0
milestone3/be/internal/controller/auction_session_controller.go:34.2,35.30 2 0
milestone3/be/internal/controller/auction_session_controller.go:52.79,53.33 1 0
milestone3/be/internal/controller/auction_session_controller.go:53.33,55.3 1 0
milestone3/be/internal/controller/auction_session_controller.go:57.2,58.41 2 0
milestone3/be/internal/controller/auction_session_controller.go:58.41,60.3 1 0
milestone3/be/internal/controller/auction_session_controller.go:62.2,62.51 1 0
milestone3/be/internal/controller/auction_session_controller.go:62.51,64.3 1 0
milestone3/be/internal/controller/auction_session_controller.go:66.2,67.16 2 0
milestone3/be/internal/controller/auction_session_controller.go:67.16,69.3 1 0
milestone3/be/internal/controller/auction_session_controller.go:71.2,71.89 1 0
milestone3/be/internal/controller/auction_session_controller.go:86.80,89.16 3 0
milestone3/be/internal/controller/auction_session_controller.go:89.16,91.3 1 0
milestone3/be/internal/controller/auction_session_controller.go:93.2,94.16 2 0
milestone3/be/internal/controller/auction_session_controller.go:94.16,95.14 1 0
milestone3/be/internal/controller/auction_session_controller.go:96.35,97.49 1 0
milestone3/be/internal/controller/auction_session_controller.go:98.11,99.85 1 0
milestone3/be/internal/controller/auction_session_controller.go:103.2,103.84 1 0
milestone3/be/internal/controller/auction_session_controller.go:116.80,118.16 2 0
milestone3/be/internal/controller/auction_session_controller.go:118.16,119.14 1 0
milestone3/be/internal/controller/auction_session_controller.go:120.35,121.49 1 0
milestone3/be/internal/controller/auction_session_controller.go:122.11,123.86 1 0
milestone3/be/internal/controller/auction_session_controller.go:127.2,127.86 1 0
milestone3/be/internal/controller/auction_session_controller.go:146.79,147.33 1 0
milestone3/be/internal/controller/auction_session_controller.go:147.33,149.3 1 0
milestone3/be/internal/controller/auction_session_controller.go:151.2,153.16 3 0
milestone3/be/internal/controller/auction_session_controller.go:153.16,155.3 1 0
milestone3/be/internal/controller/auction_session_controller.go:157.2,158.40 2 0
milestone3/be/internal/controller/auction_session_controller.go:158.40,160.3 1 0
milestone3/be/internal/controller/auction_session_controller.go:162.2,162.50 1 0
milestone3/be/internal/controller/auction_session_controller.go:162.50,164.3 1 0
milestone3/be/internal/controller/auction_session_controller.go:166.2,167.16 2 0
milestone3/be/internal/controller/auction_session_controller.go:167.16,168.14 1 0
milestone3/be/internal/controller/auction_session_controller.go:169.37,170.49 1 0
milestone3/be/internal/controller/auction_session_controller.go:171.33,172.51 1 0
milestone3/be/internal/controller/auction_session_controller.go:173.31,174.51 1 0
milestone3/be/internal/controller/auction_session_controller.go:175.11,176.83 1 0
milestone3/be/internal/controller/auction_session_controller.go:180.2,180.89 1 0
milestone3/be/internal/controller/auction_session_controller.go:198.79,199.33 1 0
milestone3/be/internal/controller/auction_session_controller.go:199.33,201.3 1 0
milestone3/be/internal/controller/auction_session_controller.go:203.2,205.16 3 0
milestone3/be/internal/controller/auction_session_controller.go:205.16,207.3 1 0
milestone3/be/internal/controller/auction_session_controller.go:209.2,210.16 2 0
milestone3/be/internal/controller/auction_session_controller.go:210.16,211.14 1 0
milestone3/be/internal/controller/auction_session_controller.go:212.37,213.49 1 0
milestone3/be/internal/controller/auction_session_controller.go:214.57,215.51 1 0
milestone3/be/internal/controller/auction_session_controller.go:216.11,217.83 1 0
milestone3/be/internal/controller/auction_session_controller.go:221.2,221.78 1 0
milestone3/be/internal/controller/bid_controller.go:20.132,22.2 1 0
milestone3/be/internal/controller/bid_controller.go:24.56,26.18 2 0
milestone3/be/internal/controller/bid_controller.go:26.18,28.3 1 0
milestone3/be/internal/controller/bid_controller.go:30.2,31.9 2 0
milestone3/be/internal/controller/bid_controller.go:31.9,33.3 1 0
milestone3/be/internal/controller/bid_controller.go:35.2,36.9 2 0
milestone3/be/internal/controller/bid_controller.go:36.9,38.3 1 0
milestone3/be/internal/controller/bid_controller.go:40.2,40.32 1 0
milestone3/be/internal/controller/bid_controller.go:43.44,45.18 2 0
milestone3/be/internal/controller/bid_controller.go:45.18,47.3 1 0
milestone3/be/internal/controller/bid_controller.go:49.2,50.9 2 0
milestone3/be/internal/controller/bid_controller.go:50.9,52.3 1 0
milestone3/be/internal/controller/bid_controller.go:54.2,55.30 2 0
milestone3/be/internal/controller/bid_controller.go:75.56,80.16 4 0
milestone3/be/internal/controller/bid_controller.go:80.16,82.3 1 0
milestone3/be/internal/controller/bid_controller.go:84.2,85.16 2 0
milestone3/be/internal/controller/bid_controller.go:85.16,87.3 1 0
milestone3/be/internal/controller/bid_controller.go:89.2,90.40 2 0
milestone3/be/internal/controller/bid_controller.go:90.40,92.3 1 0
milestone3/be/internal/controller/bid_controller.go:94.2,94.50 1 0
milestone3/be/internal/controller/bid_controller.go:94.50,96.3 1 0
milestone3/be/internal/controller/bid_controller.go:98.2,99.16 2 0
milestone3/be/internal/controller/bid_controller.go:99.16,101.3 1 0
milestone3/be/internal/controller/bid_controller.go:103.2,104.16 2 0
milestone3/be/internal/controller/bid_controller.go:104.16,106.3 1 0
milestone3/be/internal/controller/bid_controller.go:107.2,115.16 2 0
milestone3/be/internal/controller/bid_controller.go:115.16,116.14 1 0
milestone3/be/internal/controller/bid_controller.go:117.56,118.51 1 0
milestone3/be/internal/controller/bid_controller.go:119.35,120.49 1 0
milestone3/be/internal/controller/bid_controller.go:121.34,122.49 1 0
milestone3/be/internal/controller/bid_controller.go:123.11,124.69 1 0
milestone3/be/internal/controller/bid_controller.go:128.2,128.65 1 0
milestone3/be/internal/controller/bid_controller.go:144.61,149.16 4 0
milestone3/be/internal/controller/bid_controller.go:149.16,151.3 1 0
milestone3/be/internal/controller/bid_controller.go:153.2,154.16 2 0
milestone3/be/internal/controller/bid_controller.go:154.16,156.3 1 0
milestone3/be/internal/controller/bid_controller.go:158.2,159.16 2 0
milestone3/be/internal/controller/bid_controller.go:159.16,160.14 1 0
milestone3/be/internal/controller/bid_controller.go:161.35,162.49 1 0
milestone3/be/internal/controller/bid_controller.go:163.11,164.80 1 0
milestone3/be/internal/controller/bid_controller.go:168.2,175.77 2 0
milestone3/be/internal/controller/bid_controller.go:193.62,194.26 1 0
milestone3/be/internal/controller/bid_controller.go:194.26,196.3 1 0
milestone3/be/internal/controller/bid_controller.go:198.2,202.16 4 0
milestone3/be/internal/controller/bid_controller.go:202.16,204.3 1 0
milestone3/be/internal/controller/bid_controller.go:206.2,207.16 2 0
milestone3/be/internal/controller/bid_controller.go:207.16,209.3 1 0
milestone3/be/internal/controller/bid_controller.go:211.2,212.16 2 0
milestone3/be/internal/controller/bid_controller.go:212.16,214.3 1 0
milestone3/be/internal/controller/bid_controller.go:216.2,216.72 1 0
milestone3/be/internal/controller/donation_controller.go:24.115,26.2 1 0
milestone3/be/internal/controller/donation_controller.go:46.67,50.59 3 0
milestone3/be/internal/controller/donation_controller.go:50.59,52.66 1 0
milestone3/be/internal/controller/donation_controller.go:52.66,54.4 1 0
milestone3/be/internal/controller/donation_controller.go:55.3,62.40 6 0
milestone3/be/internal/controller/donation_controller.go:62.40,64.4 1 0
milestone3/be/internal/controller/donation_controller.go:67.3,67.41 1 0
milestone3/be/internal/controller/donation_controller.go:67.41,68.27 1 0
milestone3/be/internal/controller/donation_controller.go:68.27,70.19 2 0
milestone3/be/internal/controller/donation_controller.go:70.19,72.6 1 0
milestone3/be/internal/controller/donation_controller.go:74.5,78.19 4 0
milestone3/be/internal/controller/donation_controller.go:78.19,80.6 1 0
milestone3/be/internal/controller/donation_controller.go:83.5,83.56 1 0
milestone3/be/internal/controller/donation_controller.go:87.8,88.42 1 0
milestone3/be/internal/controller/donation_controller.go:88.42,90.4 1 0
milestone3/be/internal/controller/donation_controller.go:93.2,94.24 2 0
milestone3/be/internal/controller/donation_controller.go:94.24,96.3 1 0
milestone3/be/internal/controller/donation_controller.go:97.2,99.54 2 0
milestone3/be/internal/controller/donation_controller.go:99.54,101.3 1 0
milestone3/be/internal/controller/donation_controller.go:103.2,103.71 1 0
milestone3/be/internal/controller/donation_controller.go:117.68,122.12 3 0
milestone3/be/internal/controller/donation_controller.go:122.12,123.18 1 0
milestone3/be/internal/controller/donation_controller.go:123.18,125.4 1 0
milestone3/be/internal/controller/donation_controller.go:128.2,129.16 2 0
milestone3/be/internal/controller/donation_controller.go:129.16,131.3 1 0
milestone3/be/internal/controller/donation_controller.go:132.2,132.65 1 0
milestone3/be/internal/controller/donation_controller.go:150.68,153.16 3 0
milestone3/be/internal/controller/donation_controller.go:153.16,155.3 1 0
milestone3/be/internal/controller/donation_controller.go:157.2,158.16 2 0
milestone3/be/internal/controller/donation_controller.go:158.16,159.50 1 0
milestone3/be/internal/controller/donation_controller.go:159.50,161.4 1 0
milestone3/be/internal/controller/donation_controller.go:162.3,162.74 1 0
milestone3/be/internal/controller/donation_controller.go:166.2,166.23 1 0
milestone3/be/internal/controller/donation_controller.go:166.23,168.10 2 0
milestone3/be/internal/controller/donation_controller.go:168.10,170.4 1 0
milestone3/be/internal/controller/donation_controller.go:171.3,171.25 1 0
milestone3/be/internal/controller/donation_controller.go:171.25,173.4 1 0
milestone3/be/internal/controller/donation_controller.go:176.2,176.56 1 0
milestone3/be/internal/controller/donation_controller.go:195.67,198.16 3 0
milestone3/be/internal/controller/donation_controller.go:198.16,200.3 1 0
milestone3/be/internal/controller/donation_controller.go:202.2,203.41 2 0
milestone3/be/internal/controller/donation_controller.go:203.41,205.3 1 0
milestone3/be/internal/controller/donation_controller.go:206.2,209.9 3 0
milestone3/be/internal/controller/donation_controller.go:209.9,211.3 1 0
milestone3/be/internal/controller/donation_controller.go:212.2,214.69 2 0
milestone3/be/internal/controller/donation_controller.go:214.69,215.50 1 0
milestone3/be/internal/controller/donation_controller.go:215.50,217.4 1 0
milestone3/be/internal/controller/donation_controller.go:218.3,218.43 1 0
milestone3/be/internal/controller/donation_controller.go:218.43,220.4 1 0
milestone3/be/internal/controller/donation_controller.go:221.3,221.74 1 0
milestone3/be/internal/controller/donation_controller.go:223.2,223.58 1 0
milestone3/be/internal/controller/donation_controller.go:241.67,244.16 3 0
milestone3/be/internal/controller/donation_controller.go:244.16,246.3 1 0
milestone3/be/internal/controller/donation_controller.go:248.2,249.9 2 0
milestone3/be/internal/controller/donation_controller.go:249.9,251.3 1 0
milestone3/be/internal/controller/donation_controller.go:252.2,254.72 2 0
milestone3/be/internal/controller/donation_controller.go:254.72,255.50 1 0
milestone3/be/internal/controller/donation_controller.go:255.50,257.4 1 0
milestone3/be/internal/controller/donation_controller.go:258.3,258.43 1 0
milestone3/be/internal/controller/donation_controller.go:258.43,260.4 1 0
milestone3/be/internal/controller/donation_controller.go:261.3,261.74 1 0
milestone3/be/internal/controller/donation_controller.go:263.2,263.35 1 0
milestone3/be/internal/controller/donation_controller.go:282.66,285.16 3 0
milestone3/be/internal/controller/donation_controller.go:285.16,287.3 1 0
milestone3/be/internal/controller/donation_controller.go:289.2,290.41 2 0
milestone3/be/internal/controller/donation_controller.go:290.41,292.3 1 0
milestone3/be/internal/controller/donation_controller.go:293.2,296.9 3 0
milestone3/be/internal/controller/donation_controller.go:296.9,298.3 1 0
milestone3/be/internal/controller/donation_controller.go:299.2,301.68 2 0
milestone3/be/internal/controller/donation_controller.go:301.68,302.50 1 0
milestone3/be/internal/controller/donation_controller.go:302.50,304.4 1 0
milestone3/be/internal/controller/donation_controller.go:305.3,305.43 1 0
milestone3/be/internal/controller/donation_controller.go:305.43,307.4 1 0
milestone3/be/internal/controller/donation_controller.go:308.3,308.74 1 0
milestone3/be/internal/controller/donation_controller.go:310.2,310.58 1 0
milestone3/be/internal/controller/final_donation_controller.go:15.109,17.2 1 0
milestone3/be/internal/controller/final_donation_controller.go:28.78,30.16 2 0
milestone3/be/internal/controller/final_donation_controller.go:30.16,32.3 1 0
milestone3/be/internal/controller/final_donation_controller.go:33.2,33.89 1 0
milestone3/be/internal/controller/final_donation_controller.go:45.86,48.16 3 0
milestone3/be/internal/controller/final_donation_controller.go:48.16,50.3 1 0
milestone3/be/internal/controller/final_donation_controller.go:51.2,52.16 2 0
milestone3/be/internal/controller/final_donation_controller.go:52.16,54.3 1 0
milestone3/be/internal/controller/final_donation_controller.go:55.2,55.89 1 0
milestone3/be/internal/controller/payment_controller.go:25.95,27.2 1 1
milestone3/be/internal/controller/payment_controller.go:43.66,49.36 5 1
milestone3/be/internal/controller/payment_controller.go:49.36,51.3 1 0
milestone3/be/internal/controller/payment_controller.go:53.2,53.48 1 1
milestone3/be/internal/controller/payment_controller.go:53.48,55.3 1 0
milestone3/be/internal/controller/payment_controller.go:57.2,59.16 3 1
milestone3/be/internal/controller/payment_controller.go:59.16,61.3 1 1
milestone3/be/internal/controller/payment_controller.go:63.2,64.16 2 1
milestone3/be/internal/controller/payment_controller.go:64.16,66.3 1 0
milestone3/be/internal/controller/payment_controller.go:68.2,68.49 1 1
milestone3/be/internal/controller/payment_controller.go:81.79,84.16 3 0
milestone3/be/internal/controller/payment_controller.go:84.16,86.3 1 0
milestone3/be/internal/controller/payment_controller.go:88.2,88.45 1 0
milestone3/be/internal/controller/payment_controller.go:102.67,105.16 3 0
milestone3/be/internal/controller/payment_controller.go:105.16,107.3 1 0
milestone3/be/internal/controller/payment_controller.go:109.2,110.16 2 0
milestone3/be/internal/controller/payment_controller.go:110.16,112.3 1 0
milestone3/be/internal/controller/payment_controller.go:114.2,114.45 1 0
milestone3/be/internal/controller/payment_controller.go:126.66,128.16 2 1
milestone3/be/internal/controller/payment_controller.go:128.16,130.3 1 0
milestone3/be/internal/controller/payment_controller.go:132.2,132.45 1 1
milestone3/be/internal/controller/user_controller.go:21.86,23.2 1 0
milestone3/be/internal/controller/user_controller.go:36.60,39.36 2 0
milestone3/be/internal/controller/user_controller.go:39.36,41.3 1 0
milestone3/be/internal/controller/user_controller.go:43.2,43.48 1 0
milestone3/be/internal/controller/user_controller.go:43.48,45.3 1 0
milestone3/be/internal/controller/user_controller.go:47.2,48.16 2 0
milestone3/be/internal/controller/user_controller.go:48.16,50.3 1 0
milestone3/be/internal/controller/user_controller.go:52.2,52.55 1 0
milestone3/be/internal/controller/user_controller.go:67.59,70.36 2 0
milestone3/be/internal/controller/user_controller.go:70.36,72.3 1 0
milestone3/be/internal/controller/user_controller.go:74.2,74.48 1 0
milestone3/be/internal/controller/user_controller.go:74.48,76.3 1 0
milestone3/be/internal/controller/user_controller.go:78.2,79.16 2 0
milestone3/be/internal/controller/user_controller.go:79.16,81.3 1 0
milestone3/be/internal/controller/user_controller.go:83.2,83.56 1 0
milestone3/be/api/middleware/admin.go:10.59,11.36 1 0
milestone3/be/api/middleware/admin.go:11.36,12.24 1 0
milestone3/be/api/middleware/admin.go:12.24,14.4 1 0
milestone3/be/api/middleware/admin.go:15.3,15.17 1 0
milestone3/be/api/middleware/auth.go:12.60,13.36 1 0
milestone3/be/api/middleware/auth.go:13.36,21.3 3 0
milestone3/be/api/middleware/auth.go:24.55,28.2 1 0
milestone3/be/api/middleware/logging.go:11.49,24.2 3 0
milestone3/be/api/middleware/logging.go:26.64,27.36 1 0
milestone3/be/api/middleware/logging.go:27.36,30.3 2 0
milestone3/be/api/middleware/logging.go:33.46,35.8 2 0
milestone3/be/api/middleware/logging.go:35.8,37.6 1 0
milestone3/be/api/middleware/logging.go:37.11,39.6 1 0
milestone3/be/api/middleware/logging.go:41.5,42.49 2 0
milestone3/be/api/routes/admin_routes.go:8.81,16.2 4 0
milestone3/be/api/routes/article_routes.go:8.87,23.2 9 0
milestone3/be/api/routes/auction_routes.go:8.87,18.2 8 0
milestone3/be/api/routes/auction_routes.go:20.101,30.2 8 0
milestone3/be/api/routes/bid_routes.go:8.75,17.2 6 0
milestone3/be/api/routes/donation_routes.go:8.90,23.2 9 0
milestone3/be/api/routes/final_donation_routes.go:7.105,13.2 3 0
milestone3/be/api/routes/payment_routes.go:8.87,18.2 7 0
milestone3/be/api/routes/routes.go:27.37,29.2 1 0
milestone3/be/api/routes/user_routes.go:8.78,15.2 4 0
milestone3/be/internal/mocks/mock_payment_repository.go:27.79,31.2 3 0
milestone3/be/internal/mocks/mock_payment_repository.go:34.77,36.2 1 0
milestone3/be/internal/mocks/mock_payment_repository.go:39.116,45.2 5 0
milestone3/be/internal/mocks/mock_payment_repository.go:48.107,51.2 2 0
milestone3/be/internal/mocks/mock_payment_repository.go:54.87,59.2 4 0
milestone3/be/internal/mocks/mock_payment_repository.go:62.96,65.2 2 0
milestone3/be/internal/mocks/mock_payment_repository.go:68.117,74.2 5 0
milestone3/be/internal/mocks/mock_payment_repository.go:77.104,80.2 2 0
milestone3/be/internal/mocks/mock_payment_repository.go:83.68,89.2 5 0
milestone3/be/internal/mocks/mock_payment_repository.go:92.68,95.2 2 0
milestone3/be/internal/mocks/mock_payment_repository.go:98.73,104.2 5 0
milestone3/be/internal/mocks/mock_payment_repository.go:107.83,110.2 2 0
milestone3/be/internal/mocks/mock_payment_service.go:26.73,30.2 3 0
milestone3/be/internal/mocks/mock_payment_service.go:33.71,35.2 1 0
milestone3/be/internal/mocks/mock_payment_service.go:38.113,44.2 5 0
milestone3/be/internal/mocks/mock_payment_service.go:47.104,50.2 2 0
milestone3/be/internal/mocks/mock_payment_service.go:53.124,59.2 5 0
milestone3/be/internal/mocks/mock_payment_service.go:62.110,65.2 2 0
milestone3/be/internal/mocks/mock_payment_service.go:68.81,74.2 5 0
milestone3/be/internal/mocks/mock_payment_service.go:77.72,80.2 2 0
milestone3/be/internal/mocks/mock_payment_service.go:83.86,89.2 5 0
milestone3/be/internal/mocks/mock_payment_service.go:92.87,95.2 2 0
milestone3/be/internal/mocks/mock_user_repository.go:26.73,30.2 3 0
milestone3/be/internal/mocks/mock_user_repository.go:33.71,35.2 1 0
milestone3/be/internal/mocks/mock_user_repository.go:38.63,43.2 4 0
milestone3/be/internal/mocks/mock_user_repository.go:46.81,49.2 2 0
milestone3/be/internal/mocks/mock_user_repository.go:52.77,58.2 5 0
milestone3/be/internal/mocks/mock_user_repository.go:61.86,64.2 2 0
milestone3/be/internal/mocks/mock_user_repository.go:67.68,73.2 5 0
milestone3/be/internal/mocks/mock_user_repository.go:76.80,79.2 2 0
milestone3/be/internal/mocks/mock_user_service.go:26.67,30.2 3 0
milestone3/be/internal/mocks/mock_user_service.go:33.65,35.2 1 0
milestone3/be/internal/mocks/mock_user_service.go:38.85,44.2 5 0
milestone3/be/internal/mocks/mock_user_service.go:47.81,50.2 2 0
milestone3/be/internal/mocks/mock_user_service.go:53.82,59.2 5 0
milestone3/be/internal/mocks/mock_user_service.go:62.97,65.2 2 0
milestone3/be/app/main.go:47.13,56.24 6 0
milestone3/be/app/main.go:56.24,58.17 2 0
milestone3/be/app/main.go:58.17,60.4 1 0
milestone3/be/app/main.go:61.3,61.75 1 0
milestone3/be/app/main.go:62.8,64.3 1 0
milestone3/be/app/main.go:67.2,70.25 3 0
milestone3/be/app/main.go:70.25,72.17 2 0
milestone3/be/app/main.go:72.17,74.4 1 0
milestone3/be/app/main.go:75.3,75.78 1 0
milestone3/be/app/main.go:76.8,78.3 1 0
milestone3/be/app/main.go:81.2,112.27 27 0
milestone3/be/app/main.go:112.27,114.3 1 0
milestone3/be/app/main.go:114.8,116.3 1 0
milestone3/be/app/main.go:117.2,141.16 19 0
milestone3/be/app/main.go:141.16,143.3 1 0
milestone3/be/app/main.go:144.2,144.44 1 0
milestone3/be/app/main.go:144.44,146.3 1 0
milestone3/be/docs/docs.go:1919.13,1921.2 1 0
milestone3/be/internal/dto/article_dto.go:18.59,27.2 1 0
milestone3/be/internal/dto/article_dto.go:30.51,39.2 1 0
milestone3/be/internal/dto/article_dto.go:42.63,44.35 2 0
milestone3/be/internal/dto/article_dto.go:44.35,46.3 1 0
milestone3/be/internal/dto/article_dto.go:47.2,47.13 1 0
milestone3/be/internal/dto/auction_dto.go:23.71,30.18 2 0
milestone3/be/internal/dto/auction_dto.go:30.18,32.3 1 0
milestone3/be/internal/dto/auction_dto.go:34.2,45.8 1 0
milestone3/be/internal/dto/auction_dto.go:48.63,66.2 1 0
milestone3/be/internal/dto/auction_dto.go:68.69,70.23 2 0
milestone3/be/internal/dto/auction_dto.go:70.23,72.3 1 0
milestone3/be/internal/dto/auction_dto.go:73.2,73.12 1 0
milestone3/be/internal/dto/auction_dto.go:83.72,90.2 1 0
milestone3/be/internal/dto/auction_dto.go:92.78,94.23 2 0
milestone3/be/internal/dto/auction_dto.go:94.23,96.3 1 0
milestone3/be/internal/dto/auction_dto.go:97.2,97.12 1 0
milestone3/be/internal/dto/auction_dto.go:100.71,106.2 1 0
milestone3/be/internal/dto/bid_dto.go:11.38,15.2 1 0
milestone3/be/internal/dto/bid_dto.go:17.39,21.2 1 0
milestone3/be/internal/dto/bid_dto.go:23.45,25.23 2 0
milestone3/be/internal/dto/bid_dto.go:25.23,27.3 1 0
milestone3/be/internal/dto/bid_dto.go:28.2,28.12 1 0
milestone3/be/internal/dto/donation_dto.go:22.62,24.29 2 0
milestone3/be/internal/dto/donation_dto.go:24.29,26.3 1 0
milestone3/be/internal/dto/donation_dto.go:27.2,37.8 1 0
milestone3/be/internal/dto/donation_dto.go:41.54,43.29 2 0
milestone3/be/internal/dto/donation_dto.go:43.29,45.3 1 0
milestone3/be/internal/dto/donation_dto.go:46.2,56.3 1 0
milestone3/be/internal/dto/donation_dto.go:60.60,62.23 2 0
milestone3/be/internal/dto/donation_dto.go:62.23,64.3 1 0
milestone3/be/internal/dto/donation_dto.go:65.2,65.12 1 0
milestone3/be/internal/repository/admin_repo.go:15.70,17.2 1 0
milestone3/be/internal/repository/admin_repo.go:21.62,23.86 2 0
milestone3/be/internal/repository/admin_repo.go:23.86,25.3 1 0
milestone3/be/internal/repository/admin_repo.go:27.2,27.19 1 0
milestone3/be/internal/repository/admin_repo.go:31.63,33.87 2 0
milestone3/be/internal/repository/admin_repo.go:33.87,35.3 1 0
milestone3/be/internal/repository/admin_repo.go:37.2,37.19 1 0
milestone3/be/internal/repository/admin_repo.go:42.62,44.86 2 0
milestone3/be/internal/repository/admin_repo.go:44.86,46.3 1 0
milestone3/be/internal/repository/admin_repo.go:48.2,48.19 1 0
milestone3/be/internal/repository/admin_repo.go:52.62,54.86 2 0
milestone3/be/internal/repository/admin_repo.go:54.86,56.3 1 0
milestone3/be/internal/repository/admin_repo.go:58.2,58.19 1 0
milestone3/be/internal/repository/ai_repo.go:24.77,30.2 1 0
milestone3/be/internal/repository/ai_repo.go:49.85,51.16 2 0
milestone3/be/internal/repository/ai_repo.go:51.16,53.3 1 0
milestone3/be/internal/repository/ai_repo.go:54.2,56.71 2 0
milestone3/be/internal/repository/ai_repo.go:59.93,99.16 9 0
milestone3/be/internal/repository/ai_repo.go:99.16,101.3 1 0
milestone3/be/internal/repository/ai_repo.go:102.2,106.57 4 0
milestone3/be/internal/repository/ai_repo.go:106.57,108.3 1 0
milestone3/be/internal/repository/ai_repo.go:110.2,110.31 1 0
milestone3/be/internal/repository/ai_repo.go:110.31,112.3 1 0
milestone3/be/internal/repository/ai_repo.go:114.2,119.61 3 0
milestone3/be/internal/repository/ai_repo.go:119.61,121.3 1 0
milestone3/be/internal/repository/ai_repo.go:123.2,123.34 1 0
milestone3/be/internal/repository/article_repo.go:22.46,24.2 1 0
milestone3/be/internal/repository/article_repo.go:26.67,28.2 1 0
milestone3/be/internal/repository/article_repo.go:30.66,34.2 3 0
milestone3/be/internal/repository/article_repo.go:36.71,40.2 3 0
milestone3/be/internal/repository/article_repo.go:42.67,44.2 1 0
milestone3/be/internal/repository/article_repo.go:46.52,48.2 1 0
milestone3/be/internal/repository/auction_item_repo.go:22.66,24.2 1 0
milestone3/be/internal/repository/auction_item_repo.go:26.72,28.2 1 0
milestone3/be/internal/repository/auction_item_repo.go:30.72,34.2 3 0
milestone3/be/internal/repository/auction_item_repo.go:36.80,40.2 3 0
milestone3/be/internal/repository/auction_item_repo.go:42.94,46.2 3 0
milestone3/be/internal/repository/auction_item_repo.go:48.72,50.2 1 0
milestone3/be/internal/repository/auction_item_repo.go:52.56,54.2 1 0
milestone3/be/internal/repository/auction_session_redis.go:23.98,25.2 1 0
milestone3/be/internal/repository/auction_session_redis.go:27.88,35.23 2 0
milestone3/be/internal/repository/auction_session_redis.go:35.23,37.3 1 0
milestone3/be/internal/repository/auction_session_redis.go:39.2,40.21 2 0
milestone3/be/internal/repository/auction_session_redis.go:40.21,42.3 1 0
milestone3/be/internal/repository/auction_session_redis.go:44.2,44.54 1 0
milestone3/be/internal/repository/auction_session_redis.go:78.64,81.2 2 0
milestone3/be/internal/repository/auction_session_repo.go:23.72,25.2 1 0
milestone3/be/internal/repository/auction_session_repo.go:27.81,29.2 1 0
milestone3/be/internal/repository/auction_session_repo.go:31.86,35.2 3 0
milestone3/be/internal/repository/auction_session_repo.go:37.79,41.2 3 0
milestone3/be/internal/repository/auction_session_repo.go:43.90,48.2 4 0
milestone3/be/internal/repository/auction_session_repo.go:50.81,52.2 1 0
milestone3/be/internal/repository/auction_session_repo.go:54.59,56.2 1 0
milestone3/be/internal/repository/bid_redis_repo.go:34.90,36.2 1 0
milestone3/be/internal/repository/bid_redis_repo.go:38.131,46.23 2 0
milestone3/be/internal/repository/bid_redis_repo.go:46.23,48.3 1 0
milestone3/be/internal/repository/bid_redis_repo.go:50.2,51.13 2 0
milestone3/be/internal/repository/bid_redis_repo.go:51.13,52.64 1 0
milestone3/be/internal/repository/bid_redis_repo.go:52.64,54.4 1 0
milestone3/be/internal/repository/bid_redis_repo.go:57.2,61.23 2 0
milestone3/be/internal/repository/bid_redis_repo.go:61.23,63.3 1 0
milestone3/be/internal/repository/bid_redis_repo.go:65.2,65.12 1 0
milestone3/be/internal/repository/bid_redis_repo.go:68.93,72.16 3 0
milestone3/be/internal/repository/bid_redis_repo.go:72.16,74.3 1 0
milestone3/be/internal/repository/bid_redis_repo.go:76.2,77.16 2 0
milestone3/be/internal/repository/bid_redis_repo.go:77.16,79.3 1 0
milestone3/be/internal/repository/bid_redis_repo.go:80.2,81.16 2 0
milestone3/be/internal/repository/bid_redis_repo.go:81.16,83.3 1 0
milestone3/be/internal/repository/bid_redis_repo.go:85.2,85.28 1 0
milestone3/be/internal/repository/bid_redis_repo.go:88.102,92.16 3 0
milestone3/be/internal/repository/bid_redis_repo.go:92.16,94.3 1 0
milestone3/be/internal/repository/bid_redis_repo.go:96.2,97.28 2 0
milestone3/be/internal/repository/bid_redis_repo.go:97.28,104.3 2 0
milestone3/be/internal/repository/bid_redis_repo.go:106.2,106.21 1 0
milestone3/be/internal/repository/bid_redis_repo.go:109.84,110.2 1 0
milestone3/be/internal/repository/bid_redis_repo.go:110.2,113.17 3 0
milestone3/be/internal/repository/bid_redis_repo.go:113.17,115.4 1 0
milestone3/be/internal/repository/bid_redis_repo.go:116.3,117.17 2 0
milestone3/be/internal/repository/bid_redis_repo.go:117.17,119.4 1 0
milestone3/be/internal/repository/bid_redis_repo.go:120.3,120.36 1 0
milestone3/be/internal/repository/bid_redis_repo.go:124.73,127.6 3 0
milestone3/be/internal/repository/bid_redis_repo.go:127.6,131.17 4 0
milestone3/be/internal/repository/bid_redis_repo.go:131.17,133.4 1 0
milestone3/be/internal/repository/bid_redis_repo.go:134.3,135.18 2 0
milestone3/be/internal/repository/bid_redis_repo.go:135.18,136.9 1 0
milestone3/be/internal/repository/bid_redis_repo.go:139.2,139.18 1 0
milestone3/be/internal/repository/bid_redis_repo.go:142.72,144.16 2 0
milestone3/be/internal/repository/bid_redis_repo.go:144.16,146.3 1 0
milestone3/be/internal/repository/bid_redis_repo.go:147.2,154.8 4 0
milestone3/be/internal/repository/bid_redis_repo.go:157.58,159.2 1 0
milestone3/be/internal/repository/bid_repo.go:17.50,19.2 1 0
milestone3/be/internal/repository/bid_repo.go:21.61,23.2 1 0
milestone3/be/internal/repository/donation_repo.go:26.48,28.2 1 0
milestone3/be/internal/repository/donation_repo.go:30.71,32.2 1 0
milestone3/be/internal/repository/donation_repo.go:34.69,38.2 3 0
milestone3/be/internal/repository/donation_repo.go:40.85,44.2 3 0
milestone3/be/internal/repository/donation_repo.go:46.74,50.2 3 0
milestone3/be/internal/repository/donation_repo.go:52.71,54.2 1 0
milestone3/be/internal/repository/donation_repo.go:56.54,58.2 1 0
milestone3/be/internal/repository/donation_repo.go:60.70,62.2 1 0
milestone3/be/internal/repository/final_donation.go:18.70,20.2 1 0
milestone3/be/internal/repository/final_donation.go:23.90,31.2 3 0
milestone3/be/internal/repository/final_donation.go:34.108,42.2 3 0
milestone3/be/internal/repository/gcp_storage_repo.go:23.97,29.2 1 0
milestone3/be/internal/repository/gcp_storage_repo.go:32.109,40.49 5 0
milestone3/be/internal/repository/gcp_storage_repo.go:40.49,43.3 2 0
milestone3/be/internal/repository/gcp_storage_repo.go:46.2,46.39 1 0
milestone3/be/internal/repository/gcp_storage_repo.go:46.39,49.3 2 0
milestone3/be/internal/repository/gcp_storage_repo.go:52.2,52.16 1 0
milestone3/be/internal/repository/gcp_storage_repo.go:52.16,56.3 3 0
milestone3/be/internal/repository/gcp_storage_repo.go:59.2,60.24 2 0
milestone3/be/internal/repository/gcp_storage_repo.go:64.122,65.16 1 0
milestone3/be/internal/repository/gcp_storage_repo.go:65.16,69.3 2 0
milestone3/be/internal/repository/gcp_storage_repo.go:72.2,77.16 2 0
milestone3/be/internal/repository/gcp_storage_repo.go:77.16,80.3 2 0
milestone3/be/internal/repository/gcp_storage_repo.go:82.2,82.17 1 0
milestone3/be/internal/repository/payment_repo.go:19.74,21.2 1 0
milestone3/be/internal/repository/payment_repo.go:23.80,25.103 2 0
milestone3/be/internal/repository/payment_repo.go:25.103,27.3 1 0
milestone3/be/internal/repository/payment_repo.go:29.2,29.12 1 0
milestone3/be/internal/repository/payment_repo.go:32.76,33.92 1 0
milestone3/be/internal/repository/payment_repo.go:33.92,35.3 1 0
milestone3/be/internal/repository/payment_repo.go:37.2,37.21 1 0
milestone3/be/internal/repository/payment_repo.go:40.71,41.87 1 0
milestone3/be/internal/repository/payment_repo.go:41.87,43.3 1 0
milestone3/be/internal/repository/payment_repo.go:45.2,45.21 1 0
milestone3/be/internal/repository/payment_repo.go:48.116,66.37 7 0
milestone3/be/internal/repository/payment_repo.go:66.37,68.6 1 0
milestone3/be/internal/repository/payment_repo.go:70.2,76.18 2 0
milestone3/be/internal/repository/payment_repo.go:79.115,86.16 6 0
milestone3/be/internal/repository/payment_repo.go:86.16,88.3 1 0
milestone3/be/internal/repository/payment_repo.go:90.2,95.32 2 0
milestone3/be/internal/repository/payment_repo.go:96.20,97.100 1 0
milestone3/be/internal/repository/payment_repo.go:98.26,99.102 1 0
milestone3/be/internal/repository/payment_repo.go:102.2,102.20 1 0
milestone3/be/internal/repository/user_repo.go:15.62,17.2 1 0
milestone3/be/internal/repository/user_repo.go:19.54,20.82 1 0
milestone3/be/internal/repository/user_repo.go:20.82,22.3 1 0
milestone3/be/internal/repository/user_repo.go:24.2,24.12 1 0
milestone3/be/internal/repository/user_repo.go:27.77,28.89 1 0
milestone3/be/internal/repository/user_repo.go:28.89,30.3 1 0
milestone3/be/internal/repository/user_repo.go:32.2,32.18 1 0
milestone3/be/internal/repository/user_repo.go:34.68,35.83 1 0
milestone3/be/internal/repository/user_repo.go:35.83,37.3 1 0
milestone3/be/internal/repository/user_repo.go:39.2,39.18 1 0
milestone3/be/cron/main.go:19.13,31.34 9 0
milestone3/be/cron/main.go:31.34,33.3 1 0
milestone3/be/cron/main.go:34.2,36.9 2 0
milestone3/be/config/connectionDb.go:13.30,14.40 1 0
milestone3/be/config/connectionDb.go:14.40,16.3 1 0
milestone3/be/config/connectionDb.go:18.2,20.16 3 0
milestone3/be/config/connectionDb.go:20.16,22.3 1 0
milestone3/be/config/connectionDb.go:24.2,25.11 2 0
milestone3/be/config/redis.go:11.54,13.15 2 0
milestone3/be/config/redis.go:13.15,15.3 1 0
milestone3/be/config/redis.go:17.2,18.16 2 0
milestone3/be/config/redis.go:18.16,20.3 1 0
milestone3/be/config/redis.go:22.2,24.47 2 0
milestone3/be/config/redis.go:24.47,26.3 1 0
milestone3/be/config/redis.go:28.2,28.15 1 0
milestone3/be/internal/utils/auth.go:7.45,9.23 2 0
milestone3/be/internal/utils/auth.go:10.12,11.17 1 0
milestone3/be/internal/utils/auth.go:12.11,13.23 1 0
milestone3/be/internal/utils/auth.go:14.13,15.23 1 0
milestone3/be/internal/utils/auth.go:16.15,17.23 1 0
milestone3/be/internal/utils/auth.go:18.10,19.18 1 0
milestone3/be/internal/utils/auth.go:24.35,26.32 2 0
milestone3/be/internal/utils/auth.go:26.32,28.3 1 0
milestone3/be/internal/utils/auth.go:29.2,29.14 1 0
milestone3/be/internal/utils/jwt.go:13.67,16.16 3 0
milestone3/be/internal/utils/jwt.go:16.16,19.3 2 0
milestone3/be/internal/utils/jwt.go:20.2,31.16 5 0
milestone3/be/internal/utils/jwt.go:31.16,34.3 2 0
milestone3/be/internal/utils/jwt.go:36.2,36.25 1 0
milestone3/be/internal/utils/response.go:21.100,26.17 2 0
milestone3/be/internal/utils/response.go:26.17,28.3 1 0
milestone3/be/internal/utils/response.go:29.2,29.27 1 0
milestone3/be/internal/utils/response.go:35.78,37.2 1 0
milestone3/be/internal/utils/response.go:42.78,44.2 1 0
milestone3/be/internal/utils/response.go:49.46,51.2 1 0
milestone3/be/internal/utils/response.go:56.63,58.2 1 0
milestone3/be/internal/utils/response.go:63.65,65.2 1 0
milestone3/be/internal/utils/response.go:70.62,72.2 1 0
milestone3/be/internal/utils/response.go:77.61,79.2 1 0
milestone3/be/internal/utils/response.go:84.61,86.2 1 0
milestone3/be/internal/utils/response.go:91.72,93.2 1 0
milestone3/be/internal/utils/response.go:98.72,100.2 1 0
milestone3/be/internal/service/admin_service.go:19.53,21.2 1 0
milestone3/be/internal/service/admin_service.go:23.84,26.16 3 0
milestone3/be/internal/service/admin_service.go:26.16,29.3 2 0
milestone3/be/internal/service/admin_service.go:31.2,33.16 3 0
milestone3/be/internal/service/admin_service.go:33.16,36.3 2 0
milestone3/be/internal/service/admin_service.go:38.2,40.16 3 0
milestone3/be/internal/service/admin_service.go:40.16,43.3 2 0
milestone3/be/internal/service/admin_service.go:45.2,46.16 2 0
milestone3/be/internal/service/admin_service.go:46.16,49.3 2 0
milestone3/be/internal/service/admin_service.go:51.2,58.20 2 0
milestone3/be/internal/service/article_service.go:24.68,26.2 1 0
milestone3/be/internal/service/article_service.go:28.73,30.16 2 0
milestone3/be/internal/service/article_service.go:30.16,32.3 1 0
milestone3/be/internal/service/article_service.go:33.2,33.38 1 0
milestone3/be/internal/service/article_service.go:36.69,38.16 2 0
milestone3/be/internal/service/article_service.go:38.16,40.3 1 0
milestone3/be/internal/service/article_service.go:41.2,41.44 1 0
milestone3/be/internal/service/article_service.go:44.74,46.16 2 0
milestone3/be/internal/service/article_service.go:46.16,47.45 1 0
milestone3/be/internal/service/article_service.go:47.45,49.4 1 0
milestone3/be/internal/service/article_service.go:50.3,50.31 1 0
milestone3/be/internal/service/article_service.go:52.2,52.42 1 0
milestone3/be/internal/service/article_service.go:55.73,57.16 2 0
milestone3/be/internal/service/article_service.go:57.16,59.3 1 0
milestone3/be/internal/service/article_service.go:60.2,60.54 1 0
milestone3/be/internal/service/article_service.go:60.54,61.45 1 0
milestone3/be/internal/service/article_service.go:61.45,63.4 1 0
milestone3/be/internal/service/article_service.go:64.3,64.13 1 0
milestone3/be/internal/service/article_service.go:66.2,66.12 1 0
milestone3/be/internal/service/article_service.go:69.55,70.49 1 0
milestone3/be/internal/service/article_service.go:70.49,71.45 1 0
milestone3/be/internal/service/article_service.go:71.45,73.4 1 0
milestone3/be/internal/service/article_service.go:74.3,74.13 1 0
milestone3/be/internal/service/article_service.go:76.2,76.12 1 0
milestone3/be/internal/service/auction_item_service.go:23.136,25.2 1 0
milestone3/be/internal/service/auction_item_service.go:27.88,29.16 2 0
milestone3/be/internal/service/auction_item_service.go:29.16,31.3 1 0
milestone3/be/internal/service/auction_item_service.go:33.2,40.16 3 0
milestone3/be/internal/service/auction_item_service.go:40.16,44.32 2 0
milestone3/be/internal/service/auction_item_service.go:44.32,46.4 1 0
milestone3/be/internal/service/auction_item_service.go:46.9,49.4 1 0
milestone3/be/internal/service/auction_item_service.go:52.2,54.23 2 0
milestone3/be/internal/service/auction_item_service.go:54.23,56.3 1 0
milestone3/be/internal/service/auction_item_service.go:58.2,59.16 2 0
milestone3/be/internal/service/auction_item_service.go:59.16,62.3 2 0
milestone3/be/internal/service/auction_item_service.go:64.2,64.43 1 0
milestone3/be/internal/service/auction_item_service.go:67.63,68.2 1 0
milestone3/be/internal/service/auction_item_service.go:68.2,70.17 2 0
milestone3/be/internal/service/auction_item_service.go:70.17,73.4 2 0
milestone3/be/internal/service/auction_item_service.go:75.3,76.30 2 0
milestone3/be/internal/service/auction_item_service.go:76.30,78.4 1 0
milestone3/be/internal/service/auction_item_service.go:80.3,80.23 1 0
milestone3/be/internal/service/auction_item_service.go:84.70,86.16 2 0
milestone3/be/internal/service/auction_item_service.go:86.16,88.3 1 0
milestone3/be/internal/service/auction_item_service.go:89.2,89.44 1 0
milestone3/be/internal/service/auction_item_service.go:92.98,94.16 2 0
milestone3/be/internal/service/auction_item_service.go:94.16,97.3 2 0
milestone3/be/internal/service/auction_item_service.go:99.2,100.16 2 0
milestone3/be/internal/service/auction_item_service.go:100.16,102.3 1 0
milestone3/be/internal/service/auction_item_service.go:104.2,108.16 4 0
milestone3/be/internal/service/auction_item_service.go:108.16,111.3 2 0
milestone3/be/internal/service/auction_item_service.go:113.2,113.50 1 0
milestone3/be/internal/service/auction_item_service.go:116.47,118.16 2 0
milestone3/be/internal/service/auction_item_service.go:118.16,120.3 1 0
milestone3/be/internal/service/auction_item_service.go:122.2,123.16 2 0
milestone3/be/internal/service/auction_item_service.go:123.16,126.3 2 0
milestone3/be/internal/service/auction_item_service.go:127.2,127.12 1 0
milestone3/be/internal/service/auction_session_service.go:25.151,27.2 1 0
milestone3/be/internal/service/auction_session_service.go:29.90,30.51 1 0
milestone3/be/internal/service/auction_session_service.go:30.51,32.3 1 0
milestone3/be/internal/service/auction_session_service.go:34.2,41.16 3 0
milestone3/be/internal/service/auction_session_service.go:41.16,44.3 2 0
milestone3/be/internal/service/auction_session_service.go:46.2,47.65 2 0
milestone3/be/internal/service/auction_session_service.go:47.65,48.63 1 0
milestone3/be/internal/service/auction_session_service.go:48.63,50.4 1 0
milestone3/be/internal/service/auction_session_service.go:53.2,53.49 1 0
milestone3/be/internal/service/auction_session_service.go:56.75,58.16 2 0
milestone3/be/internal/service/auction_session_service.go:58.16,61.3 2 0
milestone3/be/internal/service/auction_session_service.go:63.2,63.50 1 0
milestone3/be/internal/service/auction_session_service.go:66.68,68.16 2 0
milestone3/be/internal/service/auction_session_service.go:68.16,71.3 2 0
milestone3/be/internal/service/auction_session_service.go:73.2,74.35 2 0
milestone3/be/internal/service/auction_session_service.go:74.35,76.3 1 0
milestone3/be/internal/service/auction_session_service.go:78.2,78.25 1 0
milestone3/be/internal/service/auction_session_service.go:81.100,83.16 2 0
milestone3/be/internal/service/auction_session_service.go:83.16,86.3 2 0
milestone3/be/internal/service/auction_session_service.go:88.2,89.65 2 0
milestone3/be/internal/service/auction_session_service.go:89.65,91.3 1 0
milestone3/be/internal/service/auction_session_service.go:92.2,92.33 1 0
milestone3/be/internal/service/auction_session_service.go:92.33,94.3 1 0
milestone3/be/internal/service/auction_session_service.go:96.2,96.18 1 0
milestone3/be/internal/service/auction_session_service.go:96.18,98.3 1 0
milestone3/be/internal/service/auction_session_service.go:99.2,99.27 1 0
milestone3/be/internal/service/auction_session_service.go:99.27,101.3 1 0
milestone3/be/internal/service/auction_session_service.go:102.2,102.25 1 0
milestone3/be/internal/service/auction_session_service.go:102.25,104.3 1 0
milestone3/be/internal/service/auction_session_service.go:106.2,106.47 1 0
milestone3/be/internal/service/auction_session_service.go:106.47,108.3 1 0
milestone3/be/internal/service/auction_session_service.go:111.2,112.16 2 0
milestone3/be/internal/service/auction_session_service.go:112.16,115.3 2 0
milestone3/be/internal/service/auction_session_service.go:118.2,118.65 1 0
milestone3/be/internal/service/auction_session_service.go:118.65,119.64 1 0
milestone3/be/internal/service/auction_session_service.go:119.64,121.4 1 0
milestone3/be/internal/service/auction_session_service.go:122.8,123.63 1 0
milestone3/be/internal/service/auction_session_service.go:123.63,125.4 1 0
milestone3/be/internal/service/auction_session_service.go:128.2,128.50 1 0
milestone3/be/internal/service/auction_session_service.go:131.49,133.16 2 0
milestone3/be/internal/service/auction_session_service.go:133.16,136.3 2 0
milestone3/be/internal/service/auction_session_service.go:138.2,140.65 2 0
milestone3/be/internal/service/auction_session_service.go:140.65,142.3 1 0
milestone3/be/internal/service/auction_session_service.go:144.2,144.33 1 0
milestone3/be/internal/service/auction_session_service.go:144.33,146.3 1 0
milestone3/be/internal/service/auction_session_service.go:148.2,149.16 2 0
milestone3/be/internal/service/auction_session_service.go:149.16,152.3 2 0
milestone3/be/internal/service/auction_session_service.go:154.2,154.62 1 0
milestone3/be/internal/service/auction_session_service.go:154.62,156.3 1 0
milestone3/be/internal/service/auction_session_service.go:158.2,158.12 1 0
milestone3/be/internal/service/bid_service.go:30.156,32.2 1 0
milestone3/be/internal/service/bid_service.go:34.112,35.17 1 0
milestone3/be/internal/service/bid_service.go:35.17,37.3 1 0
milestone3/be/internal/service/bid_service.go:39.2,40.16 2 0
milestone3/be/internal/service/bid_service.go:40.16,43.3 2 0
milestone3/be/internal/service/bid_service.go:45.2,47.30 2 0
milestone3/be/internal/service/bid_service.go:47.30,50.3 2 0
milestone3/be/internal/service/bid_service.go:52.2,53.46 2 0
milestone3/be/internal/service/bid_service.go:53.46,56.3 2 0
milestone3/be/internal/service/bid_service.go:58.2,58.23 1 0
milestone3/be/internal/service/bid_service.go:58.23,60.3 1 0
milestone3/be/internal/service/bid_service.go:62.2,63.16 2 0
milestone3/be/internal/service/bid_service.go:63.16,66.3 2 0
milestone3/be/internal/service/bid_service.go:68.2,76.12 2 0
milestone3/be/internal/service/bid_service.go:79.85,81.16 2 0
milestone3/be/internal/service/bid_service.go:81.16,83.3 1 0
milestone3/be/internal/service/bid_service.go:84.2,84.53 1 0
milestone3/be/internal/service/bid_service.go:87.68,89.16 2 0
milestone3/be/internal/service/bid_service.go:89.16,92.3 2 0
milestone3/be/internal/service/bid_service.go:94.2,94.33 1 0
milestone3/be/internal/service/bid_service.go:94.33,96.3 1 0
milestone3/be/internal/service/bid_service.go:98.2,106.16 3 0
milestone3/be/internal/service/bid_service.go:106.16,109.3 2 0
milestone3/be/internal/service/bid_service.go:111.2,118.12 2 0
milestone3/be/internal/service/bid_service.go:121.64,125.16 3 0
milestone3/be/internal/service/bid_service.go:125.16,127.3 1 0
milestone3/be/internal/service/bid_service.go:129.2,130.16 2 0
milestone3/be/internal/service/bid_service.go:130.16,132.3 1 0
milestone3/be/internal/service/bid_service.go:134.2,134.22 1 0
milestone3/be/internal/service/bid_service.go:137.65,139.16 2 0
milestone3/be/internal/service/bid_service.go:139.16,141.3 1 0
milestone3/be/internal/service/bid_service.go:143.2,143.27 1 0
milestone3/be/internal/service/bid_service.go:143.27,146.17 2 0
milestone3/be/internal/service/bid_service.go:146.17,147.12 1 0
milestone3/be/internal/service/bid_service.go:151.3,152.17 2 0
milestone3/be/internal/service/bid_service.go:152.17,153.12 1 0
milestone3/be/internal/service/bid_service.go:157.3,158.17 2 0
milestone3/be/internal/service/bid_service.go:158.17,159.12 1 0
milestone3/be/internal/service/bid_service.go:162.3,162.33 1 0
milestone3/be/internal/service/bid_service.go:162.33,163.12 1 0
milestone3/be/internal/service/bid_service.go:167.3,173.17 2 0
milestone3/be/internal/service/bid_service.go:173.17,174.12 1 0
milestone3/be/internal/service/bid_service.go:177.3,177.33 1 0
milestone3/be/internal/service/bid_service.go:180.2,180.12 1 0
milestone3/be/internal/service/donation_service.go:30.111,35.2 1 0
milestone3/be/internal/service/donation_service.go:37.77,39.16 2 0
milestone3/be/internal/service/donation_service.go:39.16,41.3 1 0
milestone3/be/internal/service/donation_service.go:42.2,42.40 1 0
milestone3/be/internal/service/donation_service.go:45.97,46.13 1 0
milestone3/be/internal/service/donation_service.go:46.13,48.17 2 0
milestone3/be/internal/service/donation_service.go:48.17,50.4 1 0
milestone3/be/internal/service/donation_service.go:51.3,51.47 1 0
milestone3/be/internal/service/donation_service.go:53.2,54.16 2 0
milestone3/be/internal/service/donation_service.go:54.16,56.3 1 0
milestone3/be/internal/service/donation_service.go:57.2,57.46 1 0
milestone3/be/internal/service/donation_service.go:60.77,62.16 2 0
milestone3/be/internal/service/donation_service.go:62.16,63.45 1 0
milestone3/be/internal/service/donation_service.go:63.45,65.4 1 0
milestone3/be/internal/service/donation_service.go:66.3,66.32 1 0
milestone3/be/internal/service/donation_service.go:68.2,68.44 1 0
milestone3/be/internal/service/donation_service.go:71.104,73.16 2 0
milestone3/be/internal/service/donation_service.go:73.16,75.3 1 0
milestone3/be/internal/service/donation_service.go:77.2,78.16 2 0
milestone3/be/internal/service/donation_service.go:78.16,79.45 1 0
milestone3/be/internal/service/donation_service.go:79.45,81.4 1 0
milestone3/be/internal/service/donation_service.go:82.3,82.13 1 0
milestone3/be/internal/service/donation_service.go:85.2,85.61 1 0
milestone3/be/internal/service/donation_service.go:85.61,87.3 1 0
milestone3/be/internal/service/donation_service.go:89.2,89.40 1 0
milestone3/be/internal/service/donation_service.go:92.84,94.16 2 0
milestone3/be/internal/service/donation_service.go:94.16,95.45 1 0
milestone3/be/internal/service/donation_service.go:95.45,97.4 1 0
milestone3/be/internal/service/donation_service.go:98.3,98.13 1 0
milestone3/be/internal/service/donation_service.go:101.2,101.61 1 0
milestone3/be/internal/service/donation_service.go:101.61,103.3 1 0
milestone3/be/internal/service/donation_service.go:105.2,105.34 1 0
milestone3/be/internal/service/donation_service.go:108.103,110.16 2 0
milestone3/be/internal/service/donation_service.go:110.16,112.3 1 0
milestone3/be/internal/service/donation_service.go:114.2,115.16 2 0
milestone3/be/internal/service/donation_service.go:115.16,116.45 1 0
milestone3/be/internal/service/donation_service.go:116.45,118.4 1 0
milestone3/be/internal/service/donation_service.go:119.3,119.13 1 0
milestone3/be/internal/service/donation_service.go:122.2,122.61 1 0
milestone3/be/internal/service/donation_service.go:122.61,124.3 1 0
milestone3/be/internal/service/donation_service.go:126.2,126.39 1 0
milestone3/be/internal/service/donation_service.go:129.92,130.13 1 0
milestone3/be/internal/service/donation_service.go:130.13,132.3 1 0
milestone3/be/internal/service/donation_service.go:133.2,133.26 1 0
milestone3/be/internal/service/donation_service.go:140.117,142.16 2 0
milestone3/be/internal/service/donation_service.go:142.16,144.3 1 0
milestone3/be/internal/service/donation_service.go:145.2,145.24 1 0
milestone3/be/internal/service/donation_service.go:148.103,150.16 2 0
milestone3/be/internal/service/donation_service.go:150.16,152.3 1 0
milestone3/be/internal/service/donation_service.go:153.2,153.17 1 0
milestone3/be/internal/service/final_donation_service.go:17.105,19.2 1 0
milestone3/be/internal/service/final_donation_service.go:21.87,23.2 1 0
milestone3/be/internal/service/final_donation_service.go:25.105,27.2 1 0
milestone3/be/internal/service/payment_service.go:24.59,26.2 1 1
milestone3/be/internal/service/payment_service.go:28.130,44.70 6 1
milestone3/be/internal/service/payment_service.go:44.70,47.3 2 1
milestone3/be/internal/service/payment_service.go:48.2,48.18 1 1
milestone3/be/internal/service/payment_service.go:51.115,55.2 2 0
milestone3/be/internal/service/payment_service.go:57.88,59.16 2 1
milestone3/be/internal/service/payment_service.go:59.16,62.3 2 1
milestone3/be/internal/service/payment_service.go:64.2,74.17 2 1
milestone3/be/internal/service/payment_service.go:77.83,79.16 2 0
milestone3/be/internal/service/payment_service.go:79.16,82.3 2 0
milestone3/be/internal/service/payment_service.go:84.2,84.31 1 0
milestone3/be/internal/service/payment_service.go:84.31,94.3 1 0
milestone3/be/internal/service/payment_service.go:96.2,96.17 1 0
milestone3/be/internal/service/user_service.go:22.50,24.2 1 1
milestone3/be/internal/service/user_service.go:26.87,28.16 2 1
milestone3/be/internal/service/user_service.go:28.16,31.3 2 0
milestone3/be/internal/service/user_service.go:33.2,41.50 3 1
milestone3/be/internal/service/user_service.go:41.50,43.3 1 0
milestone3/be/internal/service/user_service.go:46.2,47.16 2 1
milestone3/be/internal/service/user_service.go:47.16,50.3 2 0
milestone3/be/internal/service/user_service.go:52.2,52.22 1 1
milestone3/be/internal/service/user_service.go:55.75,57.16 2 1
milestone3/be/internal/service/user_service.go:57.16,60.3 2 1
milestone3/be/internal/service/user_service.go:62.2,69.22 2 1
milestone3/be/internal/service/user_service.go:72.92,74.16 2 0
milestone3/be/internal/service/user_service.go:74.16,77.3 2 0
milestone3/be/internal/service/user_service.go:84.2,84.95 1 0
milestone3/be/internal/service/user_service.go:84.95,87.3 2 0
milestone3/be/internal/service/user_service.go:89.2,90.16 2 0
milestone3/be/internal/service/user_service.go:90.16,93.3 2 0
milestone3/be/internal/service/user_service.go:95.2,95.19 1 0
